Build started 2013.05.13. 14:41:42.
     1>Project "E:\Documents and Settings\brunot\Desktop\src\Trunk\OTLvCertProp\OTLvCertProp.vcxproj" on node 3 (build target(s)).
     1>InitializeBuildStatus:
         Creating "Debug\OTLvCertProp.unsuccessfulbuild" because "AlwaysCreate" was specified.
       ClCompile:
         All outputs are up-to-date.
         All outputs are up-to-date.
       ResourceCompile:
         All outputs are up-to-date.
       ManifestResourceCompile:
         All outputs are up-to-date.
       Link:
         E:\Program Files\Microsoft Visual Studio 10.0\VC\bin\link.exe /ERRORREPORT:PROMPT /OUT:"E:\Documents and Settings\brunot\Desktop\src\Trunk\build\..\bin\Win32\OTLvCertProp.exe" /INCREMENTAL /NOLOGO winscard.lib Crypt32.lib kernel32.lib user32.lib gdi32.lib winspool.lib comdlg32.lib advapi32.lib shell32.lib ole32.lib oleaut32.lib uuid.lib odbc32.lib odbccp32.lib /MANIFEST /ManifestFile:"Debug\OTLvCertProp.exe.intermediate.manifest" /MANIFESTUAC:"level='asInvoker' uiAccess='false'" /DEBUG /PDB:"E:\Documents and Settings\brunot\Desktop\src\Trunk\bin\Win32\OTLvCertProp.pdb" /SUBSYSTEM:WINDOWS /TLBID:1 /DYNAMICBASE /NXCOMPAT /IMPLIB:"E:\Documents and Settings\brunot\Desktop\src\Trunk\build\..\bin\Win32\OTLvCertProp.lib" /MACHINE:X86 Debug\OTLvCertProp.res
         Debug\OTLvCertProp.exe.embed.manifest.res
         Debug\OTLvCertProp.obj
         Debug\reader.obj
         Debug\stdafx.obj
       Manifest:
         E:\Program Files\Microsoft SDKs\Windows\v7.0A\bin\mt.exe /nologo /verbose /out:"Debug\OTLvCertProp.exe.embed.manifest" /manifest Debug\OTLvCertProp.exe.intermediate.manifest
         All outputs are up-to-date.
       LinkEmbedManifest:
         All outputs are up-to-date.
         OTLvCertProp.vcxproj -> E:\Documents and Settings\brunot\Desktop\src\Trunk\build\..\bin\Win32\OTLvCertProp.exe
       FinalizeBuildStatus:
         Deleting file "Debug\OTLvCertProp.unsuccessfulbuild".
         Touching "Debug\OTLvCertProp.lastbuildstate".
     1>Done Building Project "E:\Documents and Settings\brunot\Desktop\src\Trunk\OTLvCertProp\OTLvCertProp.vcxproj" (build target(s)).

Build succeeded.

Time Elapsed 00:00:00.28
